<?xml version="1.0" encoding="UTF-8"?>
<testsuite xmlns:xsi="http://www.w3.org/2001/XMLSchema-instance" xsi:noNamespaceSchemaLocation="https://maven.apache.org/surefire/maven-surefire-plugin/xsd/surefire-test-report.xsd" version="3.0.2" name="com.zeta_horizon.investment_portfolio_tracker.repository.UserRepositoryTest" time="1.033" tests="5" errors="0" skipped="0" failures="0">
  <properties>
[...]
</properties>
  <testcase name="saveUserTest" classname="com.zeta_horizon.investment_portfolio_tracker.repository.UserRepositoryTest" time="0.178">
    <system-out><![CDATA[2025-10-14T16:39:14.146+05:30  INFO 24180 --- [           main] t.c.s.AnnotationConfigContextLoaderUtils : Could not detect default configuration classes for test class [com.zeta_horizon.investment_portfolio_tracker.repository.UserRepositoryTest]: UserRepositoryTest does not declare any static, non-private, non-final, nested classes annotated with @Configuration.
2025-10-14T16:39:14.167+05:30  INFO 24180 --- [           main] .b.t.c.SpringBootTestContextBootstrapper : Found @SpringBootConfiguration com.zeta_horizon.investment_portfolio_tracker.InvestmentPortfolioTrackerApplication for test class com.zeta_horizon.investment_portfolio_tracker.repository.UserRepositoryTest

  .   ____          _            __ _ _
 /\\ / ___'_ __ _ _(_)_ __  __ _ \ \ \ \
( ( )\___ | '_ | '_| | '_ \/ _` | \ \ \ \
 \\/  ___)| |_)| | | | | || (_| |  ) ) ) )
  '  |____| .__|_| |_|_| |_\__, | / / / /
 =========|_|==============|___/=/_/_/_/

 :: Spring Boot ::                (v3.4.5)

2025-10-14T16:39:14.211+05:30  INFO 24180 --- [           main] c.z.i.repository.UserRepositoryTest      : Starting UserRepositoryTest using Java 17.0.16 with PID 24180 (started by asus in A:\ABHIYB\investment-portfolio-tracker\backend\investment-portfolio-tracker)
2025-10-14T16:39:14.211+05:30  INFO 24180 --- [           main] c.z.i.repository.UserRepositoryTest      : The following 1 profile is active: "test"
2025-10-14T16:39:14.446+05:30  INFO 24180 --- [           main] .s.d.r.c.RepositoryConfigurationDelegate : Bootstrapping Spring Data JPA repositories in DEFAULT mode.
2025-10-14T16:39:14.486+05:30  INFO 24180 --- [           main] .s.d.r.c.RepositoryConfigurationDelegate : Finished Spring Data repository scanning in 39 ms. Found 6 JPA repository interfaces.
2025-10-14T16:39:14.505+05:30  INFO 24180 --- [           main] beddedDataSourceBeanFactoryPostProcessor : Replacing 'dataSource' DataSource bean with embedded version
2025-10-14T16:39:14.540+05:30  INFO 24180 --- [           main] o.s.j.d.e.EmbeddedDatabaseFactory        : Starting embedded database: url='jdbc:h2:mem:16b83d84-69e2-47c5-a3a4-fd148deb8db0;DB_CLOSE_DELAY=-1;DB_CLOSE_ON_EXIT=false', username='sa'
2025-10-14T16:39:14.570+05:30  INFO 24180 --- [           main] o.hibernate.jpa.internal.util.LogHelper  : HHH000204: Processing PersistenceUnitInfo [name: default]
2025-10-14T16:39:14.575+05:30  INFO 24180 --- [           main] o.h.c.internal.RegionFactoryInitiator    : HHH000026: Second-level cache disabled
2025-10-14T16:39:14.590+05:30  INFO 24180 --- [           main] o.s.o.j.p.SpringPersistenceUnitInfo      : No LoadTimeWeaver setup: ignoring JPA class transformer
2025-10-14T16:39:14.593+05:30  WARN 24180 --- [           main] org.hibernate.orm.deprecation            : HHH90000025: H2Dialect does not need to be specified explicitly using 'hibernate.dialect' (remove the property setting and it will be selected by default)
2025-10-14T16:39:14.595+05:30  INFO 24180 --- [           main] org.hibernate.orm.connections.pooling    : HHH10001005: Database info:
	Database JDBC URL [Connecting through datasource 'org.springframework.jdbc.datasource.embedded.EmbeddedDatabaseFactory$EmbeddedDataSourceProxy@98d2074']
	Database driver: undefined/unknown
	Database version: 2.3.232
	Autocommit mode: undefined/unknown
	Isolation level: undefined/unknown
	Minimum pool size: undefined/unknown
	Maximum pool size: undefined/unknown
Hibernate: create global temporary table HTE_portfolio(avg_purchase_price numeric(10,4), id integer, investment_product_id integer, rn_ integer not null, units_owned numeric(10,2), user_id uuid, primary key (rn_)) TRANSACTIONAL
Hibernate: create global temporary table HTE_transaction(id integer, investment_product_id integer, nav_at_txn numeric(10,2), rn_ integer not null, units numeric(10,4), txn_date timestamp(6), user_id uuid, txn_type enum ('BUY','SELL'), primary key (rn_)) TRANSACTIONAL
2025-10-14T16:39:14.714+05:30  INFO 24180 --- [           main] o.h.e.t.j.p.i.JtaPlatformInitiator       : HHH000489: No JTA platform available (set 'hibernate.transaction.jta.platform' to enable JTA platform integration)
Hibernate: create table investment_product (id integer generated by default as identity, created_at timestamp(6) not null, current_net_asset_value_per_unit numeric(10,2) not null, description varchar(500), expected_annual_return_rate numeric(5,2) not null, is_active boolean not null, minimum_investment numeric(12,2) not null, name varchar(100) not null, risk_level enum ('HIGH','LOW','MEDIUM') not null, type enum ('CORPORATE_BOND','CRYPTOCURRENCY','FIXED_DEPOSIT','GOVERNMENT_BOND','MUTUAL_FUND','OPTIONS','PUBLIC_PROVIDENT_FUND','REAL_ESTATE_INVESTMENT_TRUST','STOCK') not null, updated_at timestamp(6) not null, primary key (id))
Hibernate: create table portfolio (id integer not null, avg_purchase_price numeric(10,4), units_owned numeric(10,2), investment_product_id integer not null, user_id uuid not null, primary key (id))
Hibernate: create table support_tickets (id uuid not null, created_at timestamp(6), description TEXT not null, priority enum ('HIGH','LOW','MEDIUM') not null, status enum ('CLOSED','OPEN','RESPONDED') not null, subject varchar(255) not null, updated_at timestamp(6), investment_product_id integer, user_id uuid not null, primary key (id))
Hibernate: create table ticket_messages (id uuid not null, message TEXT not null, sender_type enum ('ADMIN','USER') not null, timestamp timestamp(6), sender_id uuid not null, ticket_id uuid not null, primary key (id))
Hibernate: create table transaction (id integer not null, nav_at_txn numeric(10,2) not null, txn_date timestamp(6) not null, txn_type enum ('BUY','SELL') not null, units numeric(10,4) not null, investment_product_id integer not null, user_id uuid not null, primary key (id))
Hibernate: create table users (id uuid not null, created_at timestamp(6) not null, email varchar(255) not null, name varchar(255) not null, password_hash varchar(255) not null, phone varchar(255), role enum ('ADMIN','USER') not null, primary key (id))
Hibernate: alter table if exists users drop constraint if exists UK6dotkott2kjsp8vw4d0m25fb7
Hibernate: alter table if exists users add constraint UK6dotkott2kjsp8vw4d0m25fb7 unique (email)
Hibernate: create sequence portfolio_seq start with 1 increment by 50
Hibernate: create sequence transaction_seq start with 1 increment by 50
Hibernate: alter table if exists portfolio add constraint FKn848k2nppgi6i5cj6ykg9bbl foreign key (investment_product_id) references investment_product
Hibernate: alter table if exists portfolio add constraint FK76ws6sj6wg26k7lcx6a5mtqi4 foreign key (user_id) references users
Hibernate: alter table if exists support_tickets add constraint FKeghxv3awm8kt6244muv2rw17n foreign key (investment_product_id) references investment_product
Hibernate: alter table if exists support_tickets add constraint FK4reg1h2465c00bg6dmqlv7ujv foreign key (user_id) references users
Hibernate: alter table if exists ticket_messages add constraint FK3cdue8h4un44cfo9q4tq4mt4n foreign key (sender_id) references users
Hibernate: alter table if exists ticket_messages add constraint FKf95vo0g1fx8hddsno1j8jtd4o foreign key (ticket_id) references support_tickets
Hibernate: alter table if exists transaction add constraint FKqcqkw7na0c5jqk0t2d3clp5a7 foreign key (investment_product_id) references investment_product
Hibernate: alter table if exists transaction add constraint FKanjpo5tiapru7an6cw4cu37y4 foreign key (user_id) references users
2025-10-14T16:39:14.766+05:30  INFO 24180 --- [           main] j.LocalContainerEntityManagerFactoryBean : Initialized JPA EntityManagerFactory for persistence unit 'default'
2025-10-14T16:39:14.931+05:30  INFO 24180 --- [           main] c.z.i.repository.UserRepositoryTest      : Started UserRepositoryTest in 0.759 seconds (process running for 16.627)
]]></system-out>
  </testcase>
  <testcase name="findUserByIdTest" classname="com.zeta_horizon.investment_portfolio_tracker.repository.UserRepositoryTest" time="0.02"/>
  <testcase name="updateUserTest" classname="com.zeta_horizon.investment_portfolio_tracker.repository.UserRepositoryTest" time="0.012"/>
  <testcase name="deleteUserTest" classname="com.zeta_horizon.investment_portfolio_tracker.repository.UserRepositoryTest" time="0.014"/>
  <testcase name="deleteUserByIdTest" classname="com.zeta_horizon.investment_portfolio_tracker.repository.UserRepositoryTest" time="0.013"/>
</testsuite>