<?xml version="1.0" encoding="UTF-8"?>
<testsuite xmlns:xsi="http://www.w3.org/2001/XMLSchema-instance" xsi:noNamespaceSchemaLocation="https://maven.apache.org/surefire/maven-surefire-plugin/xsd/surefire-test-report.xsd" version="3.0.2" name="com.zeta_horizon.investment_portfolio_tracker.service.implementation.InvestmentProductServiceImplTest" time="0.207" tests="16" errors="0" skipped="0" failures="0">
  <properties>
[...]
</properties>
  <testcase name="testGetInvestmentTypes" classname="com.zeta_horizon.investment_portfolio_tracker.service.implementation.InvestmentProductServiceImplTest" time="0.019">
    <system-out><![CDATA[2025-10-14T16:39:15.675+05:30  INFO 24180 --- [           main] c.z.i.s.i.InvestmentProductServiceImpl   : Initializing InvestmentProductServiceImpl
2025-10-14T16:39:15.676+05:30  INFO 24180 --- [           main] c.z.i.s.i.InvestmentProductServiceImpl   : InvestmentProductServiceImpl initialized successfully
2025-10-14T16:39:15.678+05:30  INFO 24180 --- [           main] c.z.i.s.i.InvestmentProductServiceImpl   : Successfully retrieved 9 investment types
]]></system-out>
  </testcase>
  <testcase name="testGetAllActiveProducts" classname="com.zeta_horizon.investment_portfolio_tracker.service.implementation.InvestmentProductServiceImplTest" time="0.036">
    <system-out><![CDATA[2025-10-14T16:39:15.695+05:30  INFO 24180 --- [           main] c.z.i.s.i.InvestmentProductServiceImpl   : Initializing InvestmentProductServiceImpl
2025-10-14T16:39:15.695+05:30  INFO 24180 --- [           main] c.z.i.s.i.InvestmentProductServiceImpl   : InvestmentProductServiceImpl initialized successfully
2025-10-14T16:39:15.696+05:30  INFO 24180 --- [           main] c.z.i.s.i.InvestmentProductServiceImpl   : Fetching all active investment products
2025-10-14T16:39:15.728+05:30  INFO 24180 --- [           main] c.z.i.s.i.InvestmentProductServiceImpl   : Successfully retrieved 2 active products
]]></system-out>
  </testcase>
  <testcase name="testCreateProduct" classname="com.zeta_horizon.investment_portfolio_tracker.service.implementation.InvestmentProductServiceImplTest" time="0.035">
    <system-out><![CDATA[2025-10-14T16:39:15.732+05:30  INFO 24180 --- [           main] c.z.i.s.i.InvestmentProductServiceImpl   : Initializing InvestmentProductServiceImpl
2025-10-14T16:39:15.732+05:30  INFO 24180 --- [           main] c.z.i.s.i.InvestmentProductServiceImpl   : InvestmentProductServiceImpl initialized successfully
2025-10-14T16:39:15.733+05:30  INFO 24180 --- [           main] c.z.i.s.i.InvestmentProductServiceImpl   : Creating new investment product: Test Mutual Fund
2025-10-14T16:39:15.738+05:30  INFO 24180 --- [           main] c.z.i.s.i.InvestmentProductServiceImpl   : Investment product created with id: 1
]]></system-out>
  </testcase>
  <testcase name="testFilterProducts_WithCriteria" classname="com.zeta_horizon.investment_portfolio_tracker.service.implementation.InvestmentProductServiceImplTest" time="0.016">
    <system-out><![CDATA[2025-10-14T16:39:15.767+05:30  INFO 24180 --- [           main] c.z.i.s.i.InvestmentProductServiceImpl   : Initializing InvestmentProductServiceImpl
2025-10-14T16:39:15.768+05:30  INFO 24180 --- [           main] c.z.i.s.i.InvestmentProductServiceImpl   : InvestmentProductServiceImpl initialized successfully
2025-10-14T16:39:15.770+05:30  INFO 24180 --- [           main] c.z.i.s.i.InvestmentProductServiceImpl   : Filtering investment products with criteria: search='null', type=MUTUAL_FUND, risk=MEDIUM, maxAmount=5000
2025-10-14T16:39:15.780+05:30  INFO 24180 --- [           main] c.z.i.s.i.InvestmentProductServiceImpl   : Successfully filtered products, returning 1 results
]]></system-out>
  </testcase>
  <testcase name="testGetProductById_NotFound" classname="com.zeta_horizon.investment_portfolio_tracker.service.implementation.InvestmentProductServiceImplTest" time="0.008">
    <system-out><![CDATA[2025-10-14T16:39:15.783+05:30  INFO 24180 --- [           main] c.z.i.s.i.InvestmentProductServiceImpl   : Initializing InvestmentProductServiceImpl
2025-10-14T16:39:15.783+05:30  INFO 24180 --- [           main] c.z.i.s.i.InvestmentProductServiceImpl   : InvestmentProductServiceImpl initialized successfully
2025-10-14T16:39:15.785+05:30  INFO 24180 --- [           main] c.z.i.s.i.InvestmentProductServiceImpl   : Fetching investment product with id: 999
2025-10-14T16:39:15.786+05:30  WARN 24180 --- [           main] c.z.i.s.i.InvestmentProductServiceImpl   : Investment product not found or inactive with id: 999
2025-10-14T16:39:15.787+05:30 ERROR 24180 --- [           main] c.z.i.s.i.InvestmentProductServiceImpl   : Product not found with id: 999
]]></system-out>
  </testcase>
  <testcase name="testUpdateProduct" classname="com.zeta_horizon.investment_portfolio_tracker.service.implementation.InvestmentProductServiceImplTest" time="0.011">
    <system-out><![CDATA[2025-10-14T16:39:15.792+05:30  INFO 24180 --- [           main] c.z.i.s.i.InvestmentProductServiceImpl   : Initializing InvestmentProductServiceImpl
2025-10-14T16:39:15.792+05:30  INFO 24180 --- [           main] c.z.i.s.i.InvestmentProductServiceImpl   : InvestmentProductServiceImpl initialized successfully
2025-10-14T16:39:15.794+05:30  INFO 24180 --- [           main] c.z.i.s.i.InvestmentProductServiceImpl   : Updating investment product with id: 1
2025-10-14T16:39:15.800+05:30  INFO 24180 --- [           main] c.z.i.s.i.InvestmentProductServiceImpl   : Successfully updated product with id: 1 
]]></system-out>
  </testcase>
  <testcase name="testFilterProducts_WithSearchTerm" classname="com.zeta_horizon.investment_portfolio_tracker.service.implementation.InvestmentProductServiceImplTest" time="0.007">
    <system-out><![CDATA[2025-10-14T16:39:15.804+05:30  INFO 24180 --- [           main] c.z.i.s.i.InvestmentProductServiceImpl   : Initializing InvestmentProductServiceImpl
2025-10-14T16:39:15.804+05:30  INFO 24180 --- [           main] c.z.i.s.i.InvestmentProductServiceImpl   : InvestmentProductServiceImpl initialized successfully
2025-10-14T16:39:15.805+05:30  INFO 24180 --- [           main] c.z.i.s.i.InvestmentProductServiceImpl   : Filtering investment products with criteria: search='mutual', type=MUTUAL_FUND, risk=MEDIUM, maxAmount=5000
2025-10-14T16:39:15.807+05:30  INFO 24180 --- [           main] c.z.i.s.i.InvestmentProductServiceImpl   : Successfully filtered products, returning 1 results
]]></system-out>
  </testcase>
  <testcase name="testUpdateProduct_NotFound" classname="com.zeta_horizon.investment_portfolio_tracker.service.implementation.InvestmentProductServiceImplTest" time="0.006">
    <system-out><![CDATA[2025-10-14T16:39:15.811+05:30  INFO 24180 --- [           main] c.z.i.s.i.InvestmentProductServiceImpl   : Initializing InvestmentProductServiceImpl
2025-10-14T16:39:15.812+05:30  INFO 24180 --- [           main] c.z.i.s.i.InvestmentProductServiceImpl   : InvestmentProductServiceImpl initialized successfully
2025-10-14T16:39:15.814+05:30  INFO 24180 --- [           main] c.z.i.s.i.InvestmentProductServiceImpl   : Updating investment product with id: 999
2025-10-14T16:39:15.815+05:30  WARN 24180 --- [           main] c.z.i.s.i.InvestmentProductServiceImpl   : Product not found for update with id: 999
2025-10-14T16:39:15.815+05:30 ERROR 24180 --- [           main] c.z.i.s.i.InvestmentProductServiceImpl   : Product not found for update with id: 999
]]></system-out>
  </testcase>
  <testcase name="testGetProductById" classname="com.zeta_horizon.investment_portfolio_tracker.service.implementation.InvestmentProductServiceImplTest" time="0.005">
    <system-out><![CDATA[2025-10-14T16:39:15.818+05:30  INFO 24180 --- [           main] c.z.i.s.i.InvestmentProductServiceImpl   : Initializing InvestmentProductServiceImpl
2025-10-14T16:39:15.819+05:30  INFO 24180 --- [           main] c.z.i.s.i.InvestmentProductServiceImpl   : InvestmentProductServiceImpl initialized successfully
2025-10-14T16:39:15.820+05:30  INFO 24180 --- [           main] c.z.i.s.i.InvestmentProductServiceImpl   : Fetching investment product with id: 1
2025-10-14T16:39:15.821+05:30  INFO 24180 --- [           main] c.z.i.s.i.InvestmentProductServiceImpl   : Successfully retrieved product with id: 1
]]></system-out>
  </testcase>
  <testcase name="testGetProductsByType" classname="com.zeta_horizon.investment_portfolio_tracker.service.implementation.InvestmentProductServiceImplTest" time="0.013">
    <system-out><![CDATA[2025-10-14T16:39:15.824+05:30  INFO 24180 --- [           main] c.z.i.s.i.InvestmentProductServiceImpl   : Initializing InvestmentProductServiceImpl
2025-10-14T16:39:15.824+05:30  INFO 24180 --- [           main] c.z.i.s.i.InvestmentProductServiceImpl   : InvestmentProductServiceImpl initialized successfully
2025-10-14T16:39:15.825+05:30  INFO 24180 --- [           main] c.z.i.s.i.InvestmentProductServiceImpl   : Fetching investment products with type: MUTUAL_FUND
2025-10-14T16:39:15.833+05:30  INFO 24180 --- [           main] c.z.i.s.i.InvestmentProductServiceImpl   : Successfully retrieved 1 products with type MUTUAL_FUND 
]]></system-out>
  </testcase>
  <testcase name="testDeleteProduct_AlreadyInactive" classname="com.zeta_horizon.investment_portfolio_tracker.service.implementation.InvestmentProductServiceImplTest" time="0.005">
    <system-out><![CDATA[2025-10-14T16:39:15.839+05:30  INFO 24180 --- [           main] c.z.i.s.i.InvestmentProductServiceImpl   : Initializing InvestmentProductServiceImpl
2025-10-14T16:39:15.839+05:30  INFO 24180 --- [           main] c.z.i.s.i.InvestmentProductServiceImpl   : InvestmentProductServiceImpl initialized successfully
2025-10-14T16:39:15.840+05:30  INFO 24180 --- [           main] c.z.i.s.i.InvestmentProductServiceImpl   : Soft deleting investment product with id: 1
2025-10-14T16:39:15.841+05:30  WARN 24180 --- [           main] c.z.i.s.i.InvestmentProductServiceImpl   : Attempted to delete already inactive product with id: 1
]]></system-out>
  </testcase>
  <testcase name="testGetAllActiveProducts_EmptyList" classname="com.zeta_horizon.investment_portfolio_tracker.service.implementation.InvestmentProductServiceImplTest" time="0.004">
    <system-out><![CDATA[2025-10-14T16:39:15.844+05:30  INFO 24180 --- [           main] c.z.i.s.i.InvestmentProductServiceImpl   : Initializing InvestmentProductServiceImpl
2025-10-14T16:39:15.845+05:30  INFO 24180 --- [           main] c.z.i.s.i.InvestmentProductServiceImpl   : InvestmentProductServiceImpl initialized successfully
2025-10-14T16:39:15.846+05:30  INFO 24180 --- [           main] c.z.i.s.i.InvestmentProductServiceImpl   : Fetching all active investment products
2025-10-14T16:39:15.846+05:30  INFO 24180 --- [           main] c.z.i.s.i.InvestmentProductServiceImpl   : Successfully retrieved 0 active products
]]></system-out>
  </testcase>
  <testcase name="testDeleteProduct" classname="com.zeta_horizon.investment_portfolio_tracker.service.implementation.InvestmentProductServiceImplTest" time="0.005">
    <system-out><![CDATA[2025-10-14T16:39:15.849+05:30  INFO 24180 --- [           main] c.z.i.s.i.InvestmentProductServiceImpl   : Initializing InvestmentProductServiceImpl
2025-10-14T16:39:15.849+05:30  INFO 24180 --- [           main] c.z.i.s.i.InvestmentProductServiceImpl   : InvestmentProductServiceImpl initialized successfully
2025-10-14T16:39:15.850+05:30  INFO 24180 --- [           main] c.z.i.s.i.InvestmentProductServiceImpl   : Soft deleting investment product with id: 1
2025-10-14T16:39:15.851+05:30  INFO 24180 --- [           main] c.z.i.s.i.InvestmentProductServiceImpl   : Successfully soft deleted product 'Test Mutual Fund' with id: 1
]]></system-out>
  </testcase>
  <testcase name="testGetProductsByRiskLevel" classname="com.zeta_horizon.investment_portfolio_tracker.service.implementation.InvestmentProductServiceImplTest" time="0.008">
    <system-out><![CDATA[2025-10-14T16:39:15.855+05:30  INFO 24180 --- [           main] c.z.i.s.i.InvestmentProductServiceImpl   : Initializing InvestmentProductServiceImpl
2025-10-14T16:39:15.856+05:30  INFO 24180 --- [           main] c.z.i.s.i.InvestmentProductServiceImpl   : InvestmentProductServiceImpl initialized successfully
2025-10-14T16:39:15.857+05:30  INFO 24180 --- [           main] c.z.i.s.i.InvestmentProductServiceImpl   : Fetching investment products with risk level: MEDIUM
2025-10-14T16:39:15.860+05:30  INFO 24180 --- [           main] c.z.i.s.i.InvestmentProductServiceImpl   : Successfully retrieved 1 products with risk level MEDIUM
]]></system-out>
  </testcase>
  <testcase name="testGetAllProducts" classname="com.zeta_horizon.investment_portfolio_tracker.service.implementation.InvestmentProductServiceImplTest" time="0.008">
    <system-out><![CDATA[2025-10-14T16:39:15.865+05:30  INFO 24180 --- [           main] c.z.i.s.i.InvestmentProductServiceImpl   : Initializing InvestmentProductServiceImpl
2025-10-14T16:39:15.865+05:30  INFO 24180 --- [           main] c.z.i.s.i.InvestmentProductServiceImpl   : InvestmentProductServiceImpl initialized successfully
2025-10-14T16:39:15.866+05:30  INFO 24180 --- [           main] c.z.i.s.i.InvestmentProductServiceImpl   : Fetching all investment products (including inactive)
2025-10-14T16:39:15.868+05:30  INFO 24180 --- [           main] c.z.i.s.i.InvestmentProductServiceImpl   : Successfully retrieved 1 total products
]]></system-out>
  </testcase>
  <testcase name="testGetProductById_InvalidId" classname="com.zeta_horizon.investment_portfolio_tracker.service.implementation.InvestmentProductServiceImplTest" time="0.009">
    <system-out><![CDATA[2025-10-14T16:39:15.873+05:30  INFO 24180 --- [           main] c.z.i.s.i.InvestmentProductServiceImpl   : Initializing InvestmentProductServiceImpl
2025-10-14T16:39:15.874+05:30  INFO 24180 --- [           main] c.z.i.s.i.InvestmentProductServiceImpl   : InvestmentProductServiceImpl initialized successfully
2025-10-14T16:39:15.876+05:30  INFO 24180 --- [           main] c.z.i.s.i.InvestmentProductServiceImpl   : Fetching investment product with id: null
2025-10-14T16:39:15.877+05:30  WARN 24180 --- [           main] c.z.i.s.i.InvestmentProductServiceImpl   : Invalid product ID provided: null
2025-10-14T16:39:15.877+05:30  INFO 24180 --- [           main] c.z.i.s.i.InvestmentProductServiceImpl   : Fetching investment product with id: 0
2025-10-14T16:39:15.878+05:30  WARN 24180 --- [           main] c.z.i.s.i.InvestmentProductServiceImpl   : Invalid product ID provided: 0
2025-10-14T16:39:15.879+05:30  INFO 24180 --- [           main] c.z.i.s.i.InvestmentProductServiceImpl   : Fetching investment product with id: -1
2025-10-14T16:39:15.879+05:30  WARN 24180 --- [           main] c.z.i.s.i.InvestmentProductServiceImpl   : Invalid product ID provided: -1
]]></system-out>
  </testcase>
</testsuite>